::1 - - [12/Mar/2020:11:42:31 +0000] "GET / HTTP/1.1" 200 - "-" "Mozilla/5.0 (Windows NT 10.0; Win64; x64) AppleWebKit/537.36 (KHTML, like Gecko) Chrome/80.0.3987.132 Safari/537.36"
::1 - - [12/Mar/2020:11:42:31 +0000] "GET /css/main.css HTTP/1.1" 200 - "http://localhost:3000/" "Mozilla/5.0 (Windows NT 10.0; Win64; x64) AppleWebKit/537.36 (KHTML, like Gecko) Chrome/80.0.3987.132 Safari/537.36"
::ffff:127.0.0.1 - - [12/Mar/2020:11:42:31 +0000] "GET /css/product.css HTTP/1.1" 200 379 "http://localhost:3000/" "Mozilla/5.0 (Windows NT 10.0; Win64; x64) AppleWebKit/537.36 (KHTML, like Gecko) Chrome/80.0.3987.132 Safari/537.36"
::ffff:127.0.0.1 - - [12/Mar/2020:11:42:31 +0000] "GET /js/main.js HTTP/1.1" 200 519 "http://localhost:3000/" "Mozilla/5.0 (Windows NT 10.0; Win64; x64) AppleWebKit/537.36 (KHTML, like Gecko) Chrome/80.0.3987.132 Safari/537.36"
::ffff:127.0.0.1 - - [12/Mar/2020:11:42:31 +0000] "GET /favicon.ico HTTP/1.1" 404 - "http://localhost:3000/" "Mozilla/5.0 (Windows NT 10.0; Win64; x64) AppleWebKit/537.36 (KHTML, like Gecko) Chrome/80.0.3987.132 Safari/537.36"
::1 - - [12/Mar/2020:11:48:19 +0000] "GET / HTTP/1.1" 200 - "-" "Mozilla/5.0 (Windows NT 10.0; Win64; x64) AppleWebKit/537.36 (KHTML, like Gecko) Chrome/80.0.3987.132 Safari/537.36"
::1 - - [12/Mar/2020:11:48:19 +0000] "GET /css/main.css HTTP/1.1" 304 - "http://localhost:3000/" "Mozilla/5.0 (Windows NT 10.0; Win64; x64) AppleWebKit/537.36 (KHTML, like Gecko) Chrome/80.0.3987.132 Safari/537.36"
::1 - - [12/Mar/2020:11:48:19 +0000] "GET /css/product.css HTTP/1.1" 304 - "http://localhost:3000/" "Mozilla/5.0 (Windows NT 10.0; Win64; x64) AppleWebKit/537.36 (KHTML, like Gecko) Chrome/80.0.3987.132 Safari/537.36"
::1 - - [12/Mar/2020:11:48:19 +0000] "GET /js/main.js HTTP/1.1" 304 - "http://localhost:3000/" "Mozilla/5.0 (Windows NT 10.0; Win64; x64) AppleWebKit/537.36 (KHTML, like Gecko) Chrome/80.0.3987.132 Safari/537.36"
::1 - - [12/Mar/2020:11:48:22 +0000] "GET /signup HTTP/1.1" 200 - "http://localhost:3000/" "Mozilla/5.0 (Windows NT 10.0; Win64; x64) AppleWebKit/537.36 (KHTML, like Gecko) Chrome/80.0.3987.132 Safari/537.36"
::1 - - [12/Mar/2020:11:48:22 +0000] "GET /css/main.css HTTP/1.1" 304 - "http://localhost:3000/signup" "Mozilla/5.0 (Windows NT 10.0; Win64; x64) AppleWebKit/537.36 (KHTML, like Gecko) Chrome/80.0.3987.132 Safari/537.36"
::1 - - [12/Mar/2020:11:48:22 +0000] "GET /js/main.js HTTP/1.1" 304 - "http://localhost:3000/signup" "Mozilla/5.0 (Windows NT 10.0; Win64; x64) AppleWebKit/537.36 (KHTML, like Gecko) Chrome/80.0.3987.132 Safari/537.36"
::1 - - [12/Mar/2020:11:48:22 +0000] "GET /css/auth.css HTTP/1.1" 200 84 "http://localhost:3000/signup" "Mozilla/5.0 (Windows NT 10.0; Win64; x64) AppleWebKit/537.36 (KHTML, like Gecko) Chrome/80.0.3987.132 Safari/537.36"
::1 - - [12/Mar/2020:11:48:22 +0000] "GET /css/forms.css HTTP/1.1" 200 454 "http://localhost:3000/signup" "Mozilla/5.0 (Windows NT 10.0; Win64; x64) AppleWebKit/537.36 (KHTML, like Gecko) Chrome/80.0.3987.132 Safari/537.36"
::ffff:127.0.0.1 - - [13/Mar/2020:13:59:49 +0000] "GET / HTTP/1.1" - - "-" "Mozilla/5.0 (Windows NT 10.0; Win64; x64) AppleWebKit/537.36 (KHTML, like Gecko) Chrome/80.0.3987.132 Safari/537.36"
::1 - - [13/Mar/2020:13:59:51 +0000] "GET / HTTP/1.1" 200 - "-" "Mozilla/5.0 (Windows NT 10.0; Win64; x64) AppleWebKit/537.36 (KHTML, like Gecko) Chrome/80.0.3987.132 Safari/537.36"
::1 - - [13/Mar/2020:13:59:51 +0000] "GET /css/main.css HTTP/1.1" 304 - "http://localhost:3000/" "Mozilla/5.0 (Windows NT 10.0; Win64; x64) AppleWebKit/537.36 (KHTML, like Gecko) Chrome/80.0.3987.132 Safari/537.36"
::1 - - [13/Mar/2020:13:59:51 +0000] "GET /css/product.css HTTP/1.1" 304 - "http://localhost:3000/" "Mozilla/5.0 (Windows NT 10.0; Win64; x64) AppleWebKit/537.36 (KHTML, like Gecko) Chrome/80.0.3987.132 Safari/537.36"
::1 - - [13/Mar/2020:13:59:51 +0000] "GET /js/main.js HTTP/1.1" 304 - "http://localhost:3000/" "Mozilla/5.0 (Windows NT 10.0; Win64; x64) AppleWebKit/537.36 (KHTML, like Gecko) Chrome/80.0.3987.132 Safari/537.36"
::1 - - [13/Mar/2020:13:59:52 +0000] "GET /favicon.ico HTTP/1.1" 404 - "http://localhost:3000/" "Mozilla/5.0 (Windows NT 10.0; Win64; x64) AppleWebKit/537.36 (KHTML, like Gecko) Chrome/80.0.3987.132 Safari/537.36"
::1 - - [13/Mar/2020:13:59:56 +0000] "GET /products HTTP/1.1" 200 - "http://localhost:3000/" "Mozilla/5.0 (Windows NT 10.0; Win64; x64) AppleWebKit/537.36 (KHTML, like Gecko) Chrome/80.0.3987.132 Safari/537.36"
::1 - - [13/Mar/2020:13:59:56 +0000] "GET /css/main.css HTTP/1.1" 304 - "http://localhost:3000/products" "Mozilla/5.0 (Windows NT 10.0; Win64; x64) AppleWebKit/537.36 (KHTML, like Gecko) Chrome/80.0.3987.132 Safari/537.36"
::1 - - [13/Mar/2020:13:59:56 +0000] "GET /css/product.css HTTP/1.1" 304 - "http://localhost:3000/products" "Mozilla/5.0 (Windows NT 10.0; Win64; x64) AppleWebKit/537.36 (KHTML, like Gecko) Chrome/80.0.3987.132 Safari/537.36"
::1 - - [13/Mar/2020:13:59:56 +0000] "GET /js/main.js HTTP/1.1" 304 - "http://localhost:3000/products" "Mozilla/5.0 (Windows NT 10.0; Win64; x64) AppleWebKit/537.36 (KHTML, like Gecko) Chrome/80.0.3987.132 Safari/537.36"
::1 - - [13/Mar/2020:13:59:58 +0000] "GET / HTTP/1.1" 304 - "http://localhost:3000/products" "Mozilla/5.0 (Windows NT 10.0; Win64; x64) AppleWebKit/537.36 (KHTML, like Gecko) Chrome/80.0.3987.132 Safari/537.36"
::1 - - [13/Mar/2020:13:59:58 +0000] "GET /css/main.css HTTP/1.1" 304 - "http://localhost:3000/" "Mozilla/5.0 (Windows NT 10.0; Win64; x64) AppleWebKit/537.36 (KHTML, like Gecko) Chrome/80.0.3987.132 Safari/537.36"
::1 - - [13/Mar/2020:13:59:58 +0000] "GET /css/product.css HTTP/1.1" 304 - "http://localhost:3000/" "Mozilla/5.0 (Windows NT 10.0; Win64; x64) AppleWebKit/537.36 (KHTML, like Gecko) Chrome/80.0.3987.132 Safari/537.36"
::1 - - [13/Mar/2020:13:59:58 +0000] "GET /js/main.js HTTP/1.1" 304 - "http://localhost:3000/" "Mozilla/5.0 (Windows NT 10.0; Win64; x64) AppleWebKit/537.36 (KHTML, like Gecko) Chrome/80.0.3987.132 Safari/537.36"
::1 - - [13/Mar/2020:14:00:01 +0000] "GET /login HTTP/1.1" 200 - "http://localhost:3000/" "Mozilla/5.0 (Windows NT 10.0; Win64; x64) AppleWebKit/537.36 (KHTML, like Gecko) Chrome/80.0.3987.132 Safari/537.36"
::1 - - [13/Mar/2020:14:00:01 +0000] "GET /css/main.css HTTP/1.1" 304 - "http://localhost:3000/login" "Mozilla/5.0 (Windows NT 10.0; Win64; x64) AppleWebKit/537.36 (KHTML, like Gecko) Chrome/80.0.3987.132 Safari/537.36"
::1 - - [13/Mar/2020:14:00:01 +0000] "GET /js/main.js HTTP/1.1" 304 - "http://localhost:3000/login" "Mozilla/5.0 (Windows NT 10.0; Win64; x64) AppleWebKit/537.36 (KHTML, like Gecko) Chrome/80.0.3987.132 Safari/537.36"
::1 - - [13/Mar/2020:14:00:01 +0000] "GET /css/forms.css HTTP/1.1" 200 454 "http://localhost:3000/login" "Mozilla/5.0 (Windows NT 10.0; Win64; x64) AppleWebKit/537.36 (KHTML, like Gecko) Chrome/80.0.3987.132 Safari/537.36"
::1 - - [13/Mar/2020:14:00:01 +0000] "GET /css/auth.css HTTP/1.1" 200 84 "http://localhost:3000/login" "Mozilla/5.0 (Windows NT 10.0; Win64; x64) AppleWebKit/537.36 (KHTML, like Gecko) Chrome/80.0.3987.132 Safari/537.36"
::1 - - [13/Mar/2020:14:00:04 +0000] "GET /signup HTTP/1.1" 200 - "http://localhost:3000/login" "Mozilla/5.0 (Windows NT 10.0; Win64; x64) AppleWebKit/537.36 (KHTML, like Gecko) Chrome/80.0.3987.132 Safari/537.36"
::1 - - [13/Mar/2020:14:00:04 +0000] "GET /css/main.css HTTP/1.1" 304 - "http://localhost:3000/signup" "Mozilla/5.0 (Windows NT 10.0; Win64; x64) AppleWebKit/537.36 (KHTML, like Gecko) Chrome/80.0.3987.132 Safari/537.36"
::1 - - [13/Mar/2020:14:00:04 +0000] "GET /css/forms.css HTTP/1.1" 304 - "http://localhost:3000/signup" "Mozilla/5.0 (Windows NT 10.0; Win64; x64) AppleWebKit/537.36 (KHTML, like Gecko) Chrome/80.0.3987.132 Safari/537.36"
::1 - - [13/Mar/2020:14:00:04 +0000] "GET /css/auth.css HTTP/1.1" 304 - "http://localhost:3000/signup" "Mozilla/5.0 (Windows NT 10.0; Win64; x64) AppleWebKit/537.36 (KHTML, like Gecko) Chrome/80.0.3987.132 Safari/537.36"
::1 - - [13/Mar/2020:14:00:04 +0000] "GET /js/main.js HTTP/1.1" 304 - "http://localhost:3000/signup" "Mozilla/5.0 (Windows NT 10.0; Win64; x64) AppleWebKit/537.36 (KHTML, like Gecko) Chrome/80.0.3987.132 Safari/537.36"
::1 - - [13/Mar/2020:14:00:13 +0000] "POST /signup HTTP/1.1" 302 56 "http://localhost:3000/signup" "Mozilla/5.0 (Windows NT 10.0; Win64; x64) AppleWebKit/537.36 (KHTML, like Gecko) Chrome/80.0.3987.132 Safari/537.36"
::1 - - [13/Mar/2020:14:00:13 +0000] "GET /login HTTP/1.1" 200 - "http://localhost:3000/signup" "Mozilla/5.0 (Windows NT 10.0; Win64; x64) AppleWebKit/537.36 (KHTML, like Gecko) Chrome/80.0.3987.132 Safari/537.36"
::1 - - [13/Mar/2020:14:00:13 +0000] "GET /css/main.css HTTP/1.1" 304 - "http://localhost:3000/login" "Mozilla/5.0 (Windows NT 10.0; Win64; x64) AppleWebKit/537.36 (KHTML, like Gecko) Chrome/80.0.3987.132 Safari/537.36"
::1 - - [13/Mar/2020:14:00:13 +0000] "GET /css/forms.css HTTP/1.1" 304 - "http://localhost:3000/login" "Mozilla/5.0 (Windows NT 10.0; Win64; x64) AppleWebKit/537.36 (KHTML, like Gecko) Chrome/80.0.3987.132 Safari/537.36"
::1 - - [13/Mar/2020:14:00:13 +0000] "GET /css/auth.css HTTP/1.1" 304 - "http://localhost:3000/login" "Mozilla/5.0 (Windows NT 10.0; Win64; x64) AppleWebKit/537.36 (KHTML, like Gecko) Chrome/80.0.3987.132 Safari/537.36"
::1 - - [13/Mar/2020:14:00:13 +0000] "GET /js/main.js HTTP/1.1" 304 - "http://localhost:3000/login" "Mozilla/5.0 (Windows NT 10.0; Win64; x64) AppleWebKit/537.36 (KHTML, like Gecko) Chrome/80.0.3987.132 Safari/537.36"
::1 - - [13/Mar/2020:14:00:20 +0000] "POST /login HTTP/1.1" 302 46 "http://localhost:3000/login" "Mozilla/5.0 (Windows NT 10.0; Win64; x64) AppleWebKit/537.36 (KHTML, like Gecko) Chrome/80.0.3987.132 Safari/537.36"
::1 - - [13/Mar/2020:14:00:21 +0000] "GET / HTTP/1.1" 200 - "http://localhost:3000/login" "Mozilla/5.0 (Windows NT 10.0; Win64; x64) AppleWebKit/537.36 (KHTML, like Gecko) Chrome/80.0.3987.132 Safari/537.36"
::1 - - [13/Mar/2020:14:00:21 +0000] "GET /css/main.css HTTP/1.1" 304 - "http://localhost:3000/" "Mozilla/5.0 (Windows NT 10.0; Win64; x64) AppleWebKit/537.36 (KHTML, like Gecko) Chrome/80.0.3987.132 Safari/537.36"
::1 - - [13/Mar/2020:14:00:21 +0000] "GET /css/product.css HTTP/1.1" 304 - "http://localhost:3000/" "Mozilla/5.0 (Windows NT 10.0; Win64; x64) AppleWebKit/537.36 (KHTML, like Gecko) Chrome/80.0.3987.132 Safari/537.36"
::1 - - [13/Mar/2020:14:00:21 +0000] "GET /js/main.js HTTP/1.1" 304 - "http://localhost:3000/" "Mozilla/5.0 (Windows NT 10.0; Win64; x64) AppleWebKit/537.36 (KHTML, like Gecko) Chrome/80.0.3987.132 Safari/537.36"
::1 - - [13/Mar/2020:14:00:28 +0000] "GET /admin/add-product HTTP/1.1" 200 - "http://localhost:3000/" "Mozilla/5.0 (Windows NT 10.0; Win64; x64) AppleWebKit/537.36 (KHTML, like Gecko) Chrome/80.0.3987.132 Safari/537.36"
::1 - - [13/Mar/2020:14:00:28 +0000] "GET /css/main.css HTTP/1.1" 304 - "http://localhost:3000/admin/add-product" "Mozilla/5.0 (Windows NT 10.0; Win64; x64) AppleWebKit/537.36 (KHTML, like Gecko) Chrome/80.0.3987.132 Safari/537.36"
::1 - - [13/Mar/2020:14:00:28 +0000] "GET /css/forms.css HTTP/1.1" 304 - "http://localhost:3000/admin/add-product" "Mozilla/5.0 (Windows NT 10.0; Win64; x64) AppleWebKit/537.36 (KHTML, like Gecko) Chrome/80.0.3987.132 Safari/537.36"
::1 - - [13/Mar/2020:14:00:28 +0000] "GET /css/product.css HTTP/1.1" 304 - "http://localhost:3000/admin/add-product" "Mozilla/5.0 (Windows NT 10.0; Win64; x64) AppleWebKit/537.36 (KHTML, like Gecko) Chrome/80.0.3987.132 Safari/537.36"
::1 - - [13/Mar/2020:14:00:28 +0000] "GET /js/main.js HTTP/1.1" 304 - "http://localhost:3000/admin/add-product" "Mozilla/5.0 (Windows NT 10.0; Win64; x64) AppleWebKit/537.36 (KHTML, like Gecko) Chrome/80.0.3987.132 Safari/537.36"
::1 - - [13/Mar/2020:14:00:52 +0000] "POST /admin/add-product HTTP/1.1" 500 - "http://localhost:3000/admin/add-product" "Mozilla/5.0 (Windows NT 10.0; Win64; x64) AppleWebKit/537.36 (KHTML, like Gecko) Chrome/80.0.3987.132 Safari/537.36"
::1 - - [13/Mar/2020:14:07:39 +0000] "GET / HTTP/1.1" - - "-" "Mozilla/5.0 (Windows NT 10.0; Win64; x64) AppleWebKit/537.36 (KHTML, like Gecko) Chrome/80.0.3987.132 Safari/537.36"
::ffff:127.0.0.1 - - [13/Mar/2020:14:07:45 +0000] "GET / HTTP/1.1" 200 - "-" "Mozilla/5.0 (Windows NT 10.0; Win64; x64) AppleWebKit/537.36 (KHTML, like Gecko) Chrome/80.0.3987.132 Safari/537.36"
::ffff:127.0.0.1 - - [13/Mar/2020:14:07:45 +0000] "GET /css/main.css HTTP/1.1" 304 - "http://localhost:3000/" "Mozilla/5.0 (Windows NT 10.0; Win64; x64) AppleWebKit/537.36 (KHTML, like Gecko) Chrome/80.0.3987.132 Safari/537.36"
::ffff:127.0.0.1 - - [13/Mar/2020:14:07:45 +0000] "GET /css/product.css HTTP/1.1" 304 - "http://localhost:3000/" "Mozilla/5.0 (Windows NT 10.0; Win64; x64) AppleWebKit/537.36 (KHTML, like Gecko) Chrome/80.0.3987.132 Safari/537.36"
::1 - - [13/Mar/2020:14:07:45 +0000] "GET /js/main.js HTTP/1.1" 304 - "http://localhost:3000/" "Mozilla/5.0 (Windows NT 10.0; Win64; x64) AppleWebKit/537.36 (KHTML, like Gecko) Chrome/80.0.3987.132 Safari/537.36"
::1 - - [13/Mar/2020:14:07:50 +0000] "GET /products HTTP/1.1" 200 - "http://localhost:3000/" "Mozilla/5.0 (Windows NT 10.0; Win64; x64) AppleWebKit/537.36 (KHTML, like Gecko) Chrome/80.0.3987.132 Safari/537.36"
::1 - - [13/Mar/2020:14:07:50 +0000] "GET /css/main.css HTTP/1.1" 304 - "http://localhost:3000/products" "Mozilla/5.0 (Windows NT 10.0; Win64; x64) AppleWebKit/537.36 (KHTML, like Gecko) Chrome/80.0.3987.132 Safari/537.36"
::1 - - [13/Mar/2020:14:07:50 +0000] "GET /css/product.css HTTP/1.1" 304 - "http://localhost:3000/products" "Mozilla/5.0 (Windows NT 10.0; Win64; x64) AppleWebKit/537.36 (KHTML, like Gecko) Chrome/80.0.3987.132 Safari/537.36"
::1 - - [13/Mar/2020:14:07:50 +0000] "GET /js/main.js HTTP/1.1" 304 - "http://localhost:3000/products" "Mozilla/5.0 (Windows NT 10.0; Win64; x64) AppleWebKit/537.36 (KHTML, like Gecko) Chrome/80.0.3987.132 Safari/537.36"
::1 - - [13/Mar/2020:14:07:53 +0000] "GET /admin/products HTTP/1.1" 200 - "http://localhost:3000/products" "Mozilla/5.0 (Windows NT 10.0; Win64; x64) AppleWebKit/537.36 (KHTML, like Gecko) Chrome/80.0.3987.132 Safari/537.36"
::1 - - [13/Mar/2020:14:07:53 +0000] "GET /css/main.css HTTP/1.1" 304 - "http://localhost:3000/admin/products" "Mozilla/5.0 (Windows NT 10.0; Win64; x64) AppleWebKit/537.36 (KHTML, like Gecko) Chrome/80.0.3987.132 Safari/537.36"
::1 - - [13/Mar/2020:14:07:53 +0000] "GET /css/product.css HTTP/1.1" 304 - "http://localhost:3000/admin/products" "Mozilla/5.0 (Windows NT 10.0; Win64; x64) AppleWebKit/537.36 (KHTML, like Gecko) Chrome/80.0.3987.132 Safari/537.36"
::1 - - [13/Mar/2020:14:07:53 +0000] "GET /js/main.js HTTP/1.1" 304 - "http://localhost:3000/admin/products" "Mozilla/5.0 (Windows NT 10.0; Win64; x64) AppleWebKit/537.36 (KHTML, like Gecko) Chrome/80.0.3987.132 Safari/537.36"
::1 - - [13/Mar/2020:14:07:53 +0000] "GET /js/admin.js HTTP/1.1" 200 558 "http://localhost:3000/admin/products" "Mozilla/5.0 (Windows NT 10.0; Win64; x64) AppleWebKit/537.36 (KHTML, like Gecko) Chrome/80.0.3987.132 Safari/537.36"
::1 - - [13/Mar/2020:14:07:54 +0000] "GET /admin/add-product HTTP/1.1" 200 - "http://localhost:3000/admin/products" "Mozilla/5.0 (Windows NT 10.0; Win64; x64) AppleWebKit/537.36 (KHTML, like Gecko) Chrome/80.0.3987.132 Safari/537.36"
::1 - - [13/Mar/2020:14:07:54 +0000] "GET /css/main.css HTTP/1.1" 304 - "http://localhost:3000/admin/add-product" "Mozilla/5.0 (Windows NT 10.0; Win64; x64) AppleWebKit/537.36 (KHTML, like Gecko) Chrome/80.0.3987.132 Safari/537.36"
::1 - - [13/Mar/2020:14:07:54 +0000] "GET /css/forms.css HTTP/1.1" 304 - "http://localhost:3000/admin/add-product" "Mozilla/5.0 (Windows NT 10.0; Win64; x64) AppleWebKit/537.36 (KHTML, like Gecko) Chrome/80.0.3987.132 Safari/537.36"
::1 - - [13/Mar/2020:14:07:54 +0000] "GET /css/product.css HTTP/1.1" 304 - "http://localhost:3000/admin/add-product" "Mozilla/5.0 (Windows NT 10.0; Win64; x64) AppleWebKit/537.36 (KHTML, like Gecko) Chrome/80.0.3987.132 Safari/537.36"
::1 - - [13/Mar/2020:14:07:54 +0000] "GET /js/main.js HTTP/1.1" 304 - "http://localhost:3000/admin/add-product" "Mozilla/5.0 (Windows NT 10.0; Win64; x64) AppleWebKit/537.36 (KHTML, like Gecko) Chrome/80.0.3987.132 Safari/537.36"
::1 - - [13/Mar/2020:14:08:07 +0000] "POST /admin/add-product HTTP/1.1" 500 - "http://localhost:3000/admin/add-product" "Mozilla/5.0 (Windows NT 10.0; Win64; x64) AppleWebKit/537.36 (KHTML, like Gecko) Chrome/80.0.3987.132 Safari/537.36"
::ffff:127.0.0.1 - - [25/Mar/2020:14:15:20 +0000] "GET / HTTP/1.1" 200 - "-" "Mozilla/5.0 (Windows NT 10.0; Win64; x64) AppleWebKit/537.36 (KHTML, like Gecko) Chrome/80.0.3987.149 Safari/537.36"
::1 - - [25/Mar/2020:14:15:20 +0000] "GET /css/product.css HTTP/1.1" 200 379 "http://localhost:3000/" "Mozilla/5.0 (Windows NT 10.0; Win64; x64) AppleWebKit/537.36 (KHTML, like Gecko) Chrome/80.0.3987.149 Safari/537.36"
::1 - - [25/Mar/2020:14:15:20 +0000] "GET /js/main.js HTTP/1.1" 200 519 "http://localhost:3000/" "Mozilla/5.0 (Windows NT 10.0; Win64; x64) AppleWebKit/537.36 (KHTML, like Gecko) Chrome/80.0.3987.149 Safari/537.36"
::ffff:127.0.0.1 - - [25/Mar/2020:14:15:20 +0000] "GET /css/main.css HTTP/1.1" 200 - "http://localhost:3000/" "Mozilla/5.0 (Windows NT 10.0; Win64; x64) AppleWebKit/537.36 (KHTML, like Gecko) Chrome/80.0.3987.149 Safari/537.36"
::ffff:127.0.0.1 - - [25/Mar/2020:14:15:21 +0000] "GET /favicon.ico HTTP/1.1" 404 - "http://localhost:3000/" "Mozilla/5.0 (Windows NT 10.0; Win64; x64) AppleWebKit/537.36 (KHTML, like Gecko) Chrome/80.0.3987.149 Safari/537.36"
::ffff:127.0.0.1 - - [25/Mar/2020:14:15:25 +0000] "GET /login HTTP/1.1" 200 - "http://localhost:3000/" "Mozilla/5.0 (Windows NT 10.0; Win64; x64) AppleWebKit/537.36 (KHTML, like Gecko) Chrome/80.0.3987.149 Safari/537.36"
::1 - - [25/Mar/2020:14:15:25 +0000] "GET /css/main.css HTTP/1.1" 304 - "http://localhost:3000/login" "Mozilla/5.0 (Windows NT 10.0; Win64; x64) AppleWebKit/537.36 (KHTML, like Gecko) Chrome/80.0.3987.149 Safari/537.36"
::1 - - [25/Mar/2020:14:15:25 +0000] "GET /js/main.js HTTP/1.1" 304 - "http://localhost:3000/login" "Mozilla/5.0 (Windows NT 10.0; Win64; x64) AppleWebKit/537.36 (KHTML, like Gecko) Chrome/80.0.3987.149 Safari/537.36"
::ffff:127.0.0.1 - - [25/Mar/2020:14:15:25 +0000] "GET /css/auth.css HTTP/1.1" 200 84 "http://localhost:3000/login" "Mozilla/5.0 (Windows NT 10.0; Win64; x64) AppleWebKit/537.36 (KHTML, like Gecko) Chrome/80.0.3987.149 Safari/537.36"
::1 - - [25/Mar/2020:14:15:25 +0000] "GET /css/forms.css HTTP/1.1" 200 454 "http://localhost:3000/login" "Mozilla/5.0 (Windows NT 10.0; Win64; x64) AppleWebKit/537.36 (KHTML, like Gecko) Chrome/80.0.3987.149 Safari/537.36"
::1 - - [25/Mar/2020:14:15:31 +0000] "POST /login HTTP/1.1" 302 46 "http://localhost:3000/login" "Mozilla/5.0 (Windows NT 10.0; Win64; x64) AppleWebKit/537.36 (KHTML, like Gecko) Chrome/80.0.3987.149 Safari/537.36"
::1 - - [25/Mar/2020:14:15:32 +0000] "GET / HTTP/1.1" 200 - "http://localhost:3000/login" "Mozilla/5.0 (Windows NT 10.0; Win64; x64) AppleWebKit/537.36 (KHTML, like Gecko) Chrome/80.0.3987.149 Safari/537.36"
::1 - - [25/Mar/2020:14:15:32 +0000] "GET /css/main.css HTTP/1.1" 304 - "http://localhost:3000/" "Mozilla/5.0 (Windows NT 10.0; Win64; x64) AppleWebKit/537.36 (KHTML, like Gecko) Chrome/80.0.3987.149 Safari/537.36"
::1 - - [25/Mar/2020:14:15:32 +0000] "GET /css/product.css HTTP/1.1" 304 - "http://localhost:3000/" "Mozilla/5.0 (Windows NT 10.0; Win64; x64) AppleWebKit/537.36 (KHTML, like Gecko) Chrome/80.0.3987.149 Safari/537.36"
::1 - - [25/Mar/2020:14:15:32 +0000] "GET /js/main.js HTTP/1.1" 304 - "http://localhost:3000/" "Mozilla/5.0 (Windows NT 10.0; Win64; x64) AppleWebKit/537.36 (KHTML, like Gecko) Chrome/80.0.3987.149 Safari/537.36"
::1 - - [25/Mar/2020:14:15:36 +0000] "GET /admin/add-product HTTP/1.1" 200 - "http://localhost:3000/" "Mozilla/5.0 (Windows NT 10.0; Win64; x64) AppleWebKit/537.36 (KHTML, like Gecko) Chrome/80.0.3987.149 Safari/537.36"
::1 - - [25/Mar/2020:14:15:36 +0000] "GET /css/main.css HTTP/1.1" 304 - "http://localhost:3000/admin/add-product" "Mozilla/5.0 (Windows NT 10.0; Win64; x64) AppleWebKit/537.36 (KHTML, like Gecko) Chrome/80.0.3987.149 Safari/537.36"
::1 - - [25/Mar/2020:14:15:36 +0000] "GET /css/forms.css HTTP/1.1" 304 - "http://localhost:3000/admin/add-product" "Mozilla/5.0 (Windows NT 10.0; Win64; x64) AppleWebKit/537.36 (KHTML, like Gecko) Chrome/80.0.3987.149 Safari/537.36"
::1 - - [25/Mar/2020:14:15:36 +0000] "GET /css/product.css HTTP/1.1" 304 - "http://localhost:3000/admin/add-product" "Mozilla/5.0 (Windows NT 10.0; Win64; x64) AppleWebKit/537.36 (KHTML, like Gecko) Chrome/80.0.3987.149 Safari/537.36"
::1 - - [25/Mar/2020:14:15:36 +0000] "GET /js/main.js HTTP/1.1" 304 - "http://localhost:3000/admin/add-product" "Mozilla/5.0 (Windows NT 10.0; Win64; x64) AppleWebKit/537.36 (KHTML, like Gecko) Chrome/80.0.3987.149 Safari/537.36"
::1 - - [25/Mar/2020:14:16:46 +0000] "POST /admin/add-product HTTP/1.1" 500 - "http://localhost:3000/admin/add-product" "Mozilla/5.0 (Windows NT 10.0; Win64; x64) AppleWebKit/537.36 (KHTML, like Gecko) Chrome/80.0.3987.149 Safari/537.36"
::1 - - [25/Mar/2020:14:17:18 +0000] "POST /admin/add-product HTTP/1.1" 500 - "http://localhost:3000/admin/add-product" "Mozilla/5.0 (Windows NT 10.0; Win64; x64) AppleWebKit/537.36 (KHTML, like Gecko) Chrome/80.0.3987.149 Safari/537.36"
::1 - - [25/Mar/2020:14:17:21 +0000] "POST /admin/add-product HTTP/1.1" 500 - "http://localhost:3000/admin/add-product" "Mozilla/5.0 (Windows NT 10.0; Win64; x64) AppleWebKit/537.36 (KHTML, like Gecko) Chrome/80.0.3987.149 Safari/537.36"
::1 - - [25/Mar/2020:14:19:48 +0000] "GET / HTTP/1.1" 200 - "-" "Mozilla/5.0 (Windows NT 10.0; Win64; x64) AppleWebKit/537.36 (KHTML, like Gecko) Chrome/80.0.3987.149 Safari/537.36"
::1 - - [25/Mar/2020:14:19:48 +0000] "GET /css/main.css HTTP/1.1" 304 - "http://localhost:3000/" "Mozilla/5.0 (Windows NT 10.0; Win64; x64) AppleWebKit/537.36 (KHTML, like Gecko) Chrome/80.0.3987.149 Safari/537.36"
::1 - - [25/Mar/2020:14:19:48 +0000] "GET /css/product.css HTTP/1.1" 304 - "http://localhost:3000/" "Mozilla/5.0 (Windows NT 10.0; Win64; x64) AppleWebKit/537.36 (KHTML, like Gecko) Chrome/80.0.3987.149 Safari/537.36"
::1 - - [25/Mar/2020:14:19:48 +0000] "GET /js/main.js HTTP/1.1" 304 - "http://localhost:3000/" "Mozilla/5.0 (Windows NT 10.0; Win64; x64) AppleWebKit/537.36 (KHTML, like Gecko) Chrome/80.0.3987.149 Safari/537.36"
::1 - - [25/Mar/2020:14:19:48 +0000] "GET /css/main.css HTTP/1.1" 304 - "http://localhost:3000/" "Mozilla/5.0 (Windows NT 10.0; Win64; x64) AppleWebKit/537.36 (KHTML, like Gecko) Chrome/80.0.3987.149 Safari/537.36"
::1 - - [25/Mar/2020:14:19:48 +0000] "GET /css/product.css HTTP/1.1" 304 - "http://localhost:3000/" "Mozilla/5.0 (Windows NT 10.0; Win64; x64) AppleWebKit/537.36 (KHTML, like Gecko) Chrome/80.0.3987.149 Safari/537.36"
::1 - - [25/Mar/2020:14:19:48 +0000] "GET /js/main.js HTTP/1.1" 304 - "http://localhost:3000/" "Mozilla/5.0 (Windows NT 10.0; Win64; x64) AppleWebKit/537.36 (KHTML, like Gecko) Chrome/80.0.3987.149 Safari/537.36"
::1 - - [25/Mar/2020:14:20:15 +0000] "GET /admin/add-product HTTP/1.1" 200 - "http://localhost:3000/" "Mozilla/5.0 (Windows NT 10.0; Win64; x64) AppleWebKit/537.36 (KHTML, like Gecko) Chrome/80.0.3987.149 Safari/537.36"
::1 - - [25/Mar/2020:14:20:15 +0000] "GET /css/forms.css HTTP/1.1" 304 - "http://localhost:3000/admin/add-product" "Mozilla/5.0 (Windows NT 10.0; Win64; x64) AppleWebKit/537.36 (KHTML, like Gecko) Chrome/80.0.3987.149 Safari/537.36"
::1 - - [25/Mar/2020:14:20:15 +0000] "GET /js/main.js HTTP/1.1" 304 - "http://localhost:3000/admin/add-product" "Mozilla/5.0 (Windows NT 10.0; Win64; x64) AppleWebKit/537.36 (KHTML, like Gecko) Chrome/80.0.3987.149 Safari/537.36"
::1 - - [25/Mar/2020:14:20:30 +0000] "POST /admin/add-product HTTP/1.1" 500 - "http://localhost:3000/admin/add-product" "Mozilla/5.0 (Windows NT 10.0; Win64; x64) AppleWebKit/537.36 (KHTML, like Gecko) Chrome/80.0.3987.149 Safari/537.36"
::1 - - [25/Mar/2020:14:38:54 +0000] "GET / HTTP/1.1" 200 - "-" "Mozilla/5.0 (Windows NT 10.0; Win64; x64) AppleWebKit/537.36 (KHTML, like Gecko) Chrome/80.0.3987.149 Safari/537.36"
::1 - - [25/Mar/2020:14:38:54 +0000] "GET /css/main.css HTTP/1.1" 304 - "http://localhost:3000/" "Mozilla/5.0 (Windows NT 10.0; Win64; x64) AppleWebKit/537.36 (KHTML, like Gecko) Chrome/80.0.3987.149 Safari/537.36"
::ffff:127.0.0.1 - - [25/Mar/2020:14:38:54 +0000] "GET /css/product.css HTTP/1.1" 304 - "http://localhost:3000/" "Mozilla/5.0 (Windows NT 10.0; Win64; x64) AppleWebKit/537.36 (KHTML, like Gecko) Chrome/80.0.3987.149 Safari/537.36"
::ffff:127.0.0.1 - - [25/Mar/2020:14:38:54 +0000] "GET /js/main.js HTTP/1.1" 304 - "http://localhost:3000/" "Mozilla/5.0 (Windows NT 10.0; Win64; x64) AppleWebKit/537.36 (KHTML, like Gecko) Chrome/80.0.3987.149 Safari/537.36"
::1 - - [25/Mar/2020:14:39:50 +0000] "GET /admin/add-product HTTP/1.1" 200 - "http://localhost:3000/" "Mozilla/5.0 (Windows NT 10.0; Win64; x64) AppleWebKit/537.36 (KHTML, like Gecko) Chrome/80.0.3987.149 Safari/537.36"
::1 - - [25/Mar/2020:14:39:50 +0000] "GET /css/main.css HTTP/1.1" 304 - "http://localhost:3000/admin/add-product" "Mozilla/5.0 (Windows NT 10.0; Win64; x64) AppleWebKit/537.36 (KHTML, like Gecko) Chrome/80.0.3987.149 Safari/537.36"
::1 - - [25/Mar/2020:14:39:50 +0000] "GET /css/forms.css HTTP/1.1" 304 - "http://localhost:3000/admin/add-product" "Mozilla/5.0 (Windows NT 10.0; Win64; x64) AppleWebKit/537.36 (KHTML, like Gecko) Chrome/80.0.3987.149 Safari/537.36"
::1 - - [25/Mar/2020:14:39:50 +0000] "GET /css/product.css HTTP/1.1" 304 - "http://localhost:3000/admin/add-product" "Mozilla/5.0 (Windows NT 10.0; Win64; x64) AppleWebKit/537.36 (KHTML, like Gecko) Chrome/80.0.3987.149 Safari/537.36"
::1 - - [25/Mar/2020:14:39:50 +0000] "GET /js/main.js HTTP/1.1" 304 - "http://localhost:3000/admin/add-product" "Mozilla/5.0 (Windows NT 10.0; Win64; x64) AppleWebKit/537.36 (KHTML, like Gecko) Chrome/80.0.3987.149 Safari/537.36"
::1 - - [25/Mar/2020:14:40:13 +0000] "POST /admin/add-product HTTP/1.1" 500 - "http://localhost:3000/admin/add-product" "Mozilla/5.0 (Windows NT 10.0; Win64; x64) AppleWebKit/537.36 (KHTML, like Gecko) Chrome/80.0.3987.149 Safari/537.36"
::1 - - [25/Mar/2020:14:43:31 +0000] "GET / HTTP/1.1" 200 - "-" "Mozilla/5.0 (Windows NT 10.0; Win64; x64) AppleWebKit/537.36 (KHTML, like Gecko) Chrome/80.0.3987.149 Safari/537.36"
::1 - - [25/Mar/2020:14:43:31 +0000] "GET /css/main.css HTTP/1.1" 304 - "http://localhost:3000/" "Mozilla/5.0 (Windows NT 10.0; Win64; x64) AppleWebKit/537.36 (KHTML, like Gecko) Chrome/80.0.3987.149 Safari/537.36"
::1 - - [25/Mar/2020:14:43:31 +0000] "GET /css/product.css HTTP/1.1" 304 - "http://localhost:3000/" "Mozilla/5.0 (Windows NT 10.0; Win64; x64) AppleWebKit/537.36 (KHTML, like Gecko) Chrome/80.0.3987.149 Safari/537.36"
::1 - - [25/Mar/2020:14:43:31 +0000] "GET /js/main.js HTTP/1.1" 304 - "http://localhost:3000/" "Mozilla/5.0 (Windows NT 10.0; Win64; x64) AppleWebKit/537.36 (KHTML, like Gecko) Chrome/80.0.3987.149 Safari/537.36"
::1 - - [25/Mar/2020:14:43:31 +0000] "GET /css/main.css HTTP/1.1" 304 - "http://localhost:3000/" "Mozilla/5.0 (Windows NT 10.0; Win64; x64) AppleWebKit/537.36 (KHTML, like Gecko) Chrome/80.0.3987.149 Safari/537.36"
::1 - - [25/Mar/2020:14:43:31 +0000] "GET /css/product.css HTTP/1.1" 304 - "http://localhost:3000/" "Mozilla/5.0 (Windows NT 10.0; Win64; x64) AppleWebKit/537.36 (KHTML, like Gecko) Chrome/80.0.3987.149 Safari/537.36"
::1 - - [25/Mar/2020:14:43:31 +0000] "GET /js/main.js HTTP/1.1" 304 - "http://localhost:3000/" "Mozilla/5.0 (Windows NT 10.0; Win64; x64) AppleWebKit/537.36 (KHTML, like Gecko) Chrome/80.0.3987.149 Safari/537.36"
::1 - - [25/Mar/2020:14:43:33 +0000] "GET /admin/add-product HTTP/1.1" 200 - "http://localhost:3000/" "Mozilla/5.0 (Windows NT 10.0; Win64; x64) AppleWebKit/537.36 (KHTML, like Gecko) Chrome/80.0.3987.149 Safari/537.36"
::1 - - [25/Mar/2020:14:43:33 +0000] "GET /css/main.css HTTP/1.1" 304 - "http://localhost:3000/admin/add-product" "Mozilla/5.0 (Windows NT 10.0; Win64; x64) AppleWebKit/537.36 (KHTML, like Gecko) Chrome/80.0.3987.149 Safari/537.36"
::1 - - [25/Mar/2020:14:43:33 +0000] "GET /css/forms.css HTTP/1.1" 304 - "http://localhost:3000/admin/add-product" "Mozilla/5.0 (Windows NT 10.0; Win64; x64) AppleWebKit/537.36 (KHTML, like Gecko) Chrome/80.0.3987.149 Safari/537.36"
::1 - - [25/Mar/2020:14:43:33 +0000] "GET /css/product.css HTTP/1.1" 304 - "http://localhost:3000/admin/add-product" "Mozilla/5.0 (Windows NT 10.0; Win64; x64) AppleWebKit/537.36 (KHTML, like Gecko) Chrome/80.0.3987.149 Safari/537.36"
::1 - - [25/Mar/2020:14:43:33 +0000] "GET /js/main.js HTTP/1.1" 304 - "http://localhost:3000/admin/add-product" "Mozilla/5.0 (Windows NT 10.0; Win64; x64) AppleWebKit/537.36 (KHTML, like Gecko) Chrome/80.0.3987.149 Safari/537.36"
::1 - - [25/Mar/2020:14:43:45 +0000] "POST /admin/add-product HTTP/1.1" 500 - "http://localhost:3000/admin/add-product" "Mozilla/5.0 (Windows NT 10.0; Win64; x64) AppleWebKit/537.36 (KHTML, like Gecko) Chrome/80.0.3987.149 Safari/537.36"
::1 - - [25/Mar/2020:14:46:20 +0000] "GET / HTTP/1.1" 200 - "-" "Mozilla/5.0 (Windows NT 10.0; Win64; x64) AppleWebKit/537.36 (KHTML, like Gecko) Chrome/80.0.3987.149 Safari/537.36"
::1 - - [25/Mar/2020:14:46:20 +0000] "GET /css/main.css HTTP/1.1" 304 - "http://localhost:3000/" "Mozilla/5.0 (Windows NT 10.0; Win64; x64) AppleWebKit/537.36 (KHTML, like Gecko) Chrome/80.0.3987.149 Safari/537.36"
::1 - - [25/Mar/2020:14:46:20 +0000] "GET /css/product.css HTTP/1.1" 304 - "http://localhost:3000/" "Mozilla/5.0 (Windows NT 10.0; Win64; x64) AppleWebKit/537.36 (KHTML, like Gecko) Chrome/80.0.3987.149 Safari/537.36"
::1 - - [25/Mar/2020:14:46:20 +0000] "GET /js/main.js HTTP/1.1" 304 - "http://localhost:3000/" "Mozilla/5.0 (Windows NT 10.0; Win64; x64) AppleWebKit/537.36 (KHTML, like Gecko) Chrome/80.0.3987.149 Safari/537.36"
::1 - - [25/Mar/2020:14:46:20 +0000] "GET /css/main.css HTTP/1.1" 304 - "http://localhost:3000/" "Mozilla/5.0 (Windows NT 10.0; Win64; x64) AppleWebKit/537.36 (KHTML, like Gecko) Chrome/80.0.3987.149 Safari/537.36"
::1 - - [25/Mar/2020:14:46:20 +0000] "GET /css/product.css HTTP/1.1" 304 - "http://localhost:3000/" "Mozilla/5.0 (Windows NT 10.0; Win64; x64) AppleWebKit/537.36 (KHTML, like Gecko) Chrome/80.0.3987.149 Safari/537.36"
::1 - - [25/Mar/2020:14:46:20 +0000] "GET /js/main.js HTTP/1.1" 304 - "http://localhost:3000/" "Mozilla/5.0 (Windows NT 10.0; Win64; x64) AppleWebKit/537.36 (KHTML, like Gecko) Chrome/80.0.3987.149 Safari/537.36"
::1 - - [25/Mar/2020:14:46:21 +0000] "GET /admin/add-product HTTP/1.1" 200 - "http://localhost:3000/" "Mozilla/5.0 (Windows NT 10.0; Win64; x64) AppleWebKit/537.36 (KHTML, like Gecko) Chrome/80.0.3987.149 Safari/537.36"
::1 - - [25/Mar/2020:14:46:21 +0000] "GET /css/forms.css HTTP/1.1" 304 - "http://localhost:3000/admin/add-product" "Mozilla/5.0 (Windows NT 10.0; Win64; x64) AppleWebKit/537.36 (KHTML, like Gecko) Chrome/80.0.3987.149 Safari/537.36"
::1 - - [25/Mar/2020:14:46:21 +0000] "GET /css/main.css HTTP/1.1" 304 - "http://localhost:3000/admin/add-product" "Mozilla/5.0 (Windows NT 10.0; Win64; x64) AppleWebKit/537.36 (KHTML, like Gecko) Chrome/80.0.3987.149 Safari/537.36"
::1 - - [25/Mar/2020:14:46:21 +0000] "GET /css/product.css HTTP/1.1" 304 - "http://localhost:3000/admin/add-product" "Mozilla/5.0 (Windows NT 10.0; Win64; x64) AppleWebKit/537.36 (KHTML, like Gecko) Chrome/80.0.3987.149 Safari/537.36"
::1 - - [25/Mar/2020:14:46:21 +0000] "GET /js/main.js HTTP/1.1" 304 - "http://localhost:3000/admin/add-product" "Mozilla/5.0 (Windows NT 10.0; Win64; x64) AppleWebKit/537.36 (KHTML, like Gecko) Chrome/80.0.3987.149 Safari/537.36"
::1 - - [25/Mar/2020:14:46:26 +0000] "POST /admin/add-product HTTP/1.1" 422 - "http://localhost:3000/admin/add-product" "Mozilla/5.0 (Windows NT 10.0; Win64; x64) AppleWebKit/537.36 (KHTML, like Gecko) Chrome/80.0.3987.149 Safari/537.36"
::1 - - [25/Mar/2020:14:46:26 +0000] "GET /css/main.css HTTP/1.1" 304 - "http://localhost:3000/admin/add-product" "Mozilla/5.0 (Windows NT 10.0; Win64; x64) AppleWebKit/537.36 (KHTML, like Gecko) Chrome/80.0.3987.149 Safari/537.36"
::1 - - [25/Mar/2020:14:46:26 +0000] "GET /css/forms.css HTTP/1.1" 304 - "http://localhost:3000/admin/add-product" "Mozilla/5.0 (Windows NT 10.0; Win64; x64) AppleWebKit/537.36 (KHTML, like Gecko) Chrome/80.0.3987.149 Safari/537.36"
::1 - - [25/Mar/2020:14:46:26 +0000] "GET /css/product.css HTTP/1.1" 304 - "http://localhost:3000/admin/add-product" "Mozilla/5.0 (Windows NT 10.0; Win64; x64) AppleWebKit/537.36 (KHTML, like Gecko) Chrome/80.0.3987.149 Safari/537.36"
::1 - - [25/Mar/2020:14:46:26 +0000] "GET /js/main.js HTTP/1.1" 304 - "http://localhost:3000/admin/add-product" "Mozilla/5.0 (Windows NT 10.0; Win64; x64) AppleWebKit/537.36 (KHTML, like Gecko) Chrome/80.0.3987.149 Safari/537.36"
::1 - - [25/Mar/2020:14:46:39 +0000] "POST /admin/add-product HTTP/1.1" 500 - "http://localhost:3000/admin/add-product" "Mozilla/5.0 (Windows NT 10.0; Win64; x64) AppleWebKit/537.36 (KHTML, like Gecko) Chrome/80.0.3987.149 Safari/537.36"
::1 - - [25/Mar/2020:14:48:18 +0000] "POST /admin/add-product HTTP/1.1" 500 - "http://localhost:3000/admin/add-product" "Mozilla/5.0 (Windows NT 10.0; Win64; x64) AppleWebKit/537.36 (KHTML, like Gecko) Chrome/80.0.3987.149 Safari/537.36"
::ffff:127.0.0.1 - - [25/Mar/2020:14:49:21 +0000] "GET / HTTP/1.1" 200 - "-" "Mozilla/5.0 (Windows NT 10.0; Win64; x64) AppleWebKit/537.36 (KHTML, like Gecko) Chrome/80.0.3987.149 Safari/537.36"
::ffff:127.0.0.1 - - [25/Mar/2020:14:49:21 +0000] "GET /css/main.css HTTP/1.1" 304 - "http://localhost:3000/" "Mozilla/5.0 (Windows NT 10.0; Win64; x64) AppleWebKit/537.36 (KHTML, like Gecko) Chrome/80.0.3987.149 Safari/537.36"
::ffff:127.0.0.1 - - [25/Mar/2020:14:49:21 +0000] "GET /css/product.css HTTP/1.1" 304 - "http://localhost:3000/" "Mozilla/5.0 (Windows NT 10.0; Win64; x64) AppleWebKit/537.36 (KHTML, like Gecko) Chrome/80.0.3987.149 Safari/537.36"
::1 - - [25/Mar/2020:14:49:21 +0000] "GET /js/main.js HTTP/1.1" 304 - "http://localhost:3000/" "Mozilla/5.0 (Windows NT 10.0; Win64; x64) AppleWebKit/537.36 (KHTML, like Gecko) Chrome/80.0.3987.149 Safari/537.36"
::1 - - [25/Mar/2020:14:49:23 +0000] "GET /admin/add-product HTTP/1.1" 200 - "http://localhost:3000/" "Mozilla/5.0 (Windows NT 10.0; Win64; x64) AppleWebKit/537.36 (KHTML, like Gecko) Chrome/80.0.3987.149 Safari/537.36"
::1 - - [25/Mar/2020:14:49:23 +0000] "GET /css/main.css HTTP/1.1" 304 - "http://localhost:3000/admin/add-product" "Mozilla/5.0 (Windows NT 10.0; Win64; x64) AppleWebKit/537.36 (KHTML, like Gecko) Chrome/80.0.3987.149 Safari/537.36"
::ffff:127.0.0.1 - - [25/Mar/2020:14:49:23 +0000] "GET /css/forms.css HTTP/1.1" 304 - "http://localhost:3000/admin/add-product" "Mozilla/5.0 (Windows NT 10.0; Win64; x64) AppleWebKit/537.36 (KHTML, like Gecko) Chrome/80.0.3987.149 Safari/537.36"
::ffff:127.0.0.1 - - [25/Mar/2020:14:49:23 +0000] "GET /css/product.css HTTP/1.1" 304 - "http://localhost:3000/admin/add-product" "Mozilla/5.0 (Windows NT 10.0; Win64; x64) AppleWebKit/537.36 (KHTML, like Gecko) Chrome/80.0.3987.149 Safari/537.36"
::1 - - [25/Mar/2020:14:49:23 +0000] "GET /js/main.js HTTP/1.1" 304 - "http://localhost:3000/admin/add-product" "Mozilla/5.0 (Windows NT 10.0; Win64; x64) AppleWebKit/537.36 (KHTML, like Gecko) Chrome/80.0.3987.149 Safari/537.36"
::1 - - [25/Mar/2020:14:49:37 +0000] "POST /admin/add-product HTTP/1.1" 422 - "http://localhost:3000/admin/add-product" "Mozilla/5.0 (Windows NT 10.0; Win64; x64) AppleWebKit/537.36 (KHTML, like Gecko) Chrome/80.0.3987.149 Safari/537.36"
::1 - - [25/Mar/2020:14:49:37 +0000] "GET /css/main.css HTTP/1.1" 304 - "http://localhost:3000/admin/add-product" "Mozilla/5.0 (Windows NT 10.0; Win64; x64) AppleWebKit/537.36 (KHTML, like Gecko) Chrome/80.0.3987.149 Safari/537.36"
::1 - - [25/Mar/2020:14:49:37 +0000] "GET /css/forms.css HTTP/1.1" 304 - "http://localhost:3000/admin/add-product" "Mozilla/5.0 (Windows NT 10.0; Win64; x64) AppleWebKit/537.36 (KHTML, like Gecko) Chrome/80.0.3987.149 Safari/537.36"
::1 - - [25/Mar/2020:14:49:37 +0000] "GET /css/product.css HTTP/1.1" 304 - "http://localhost:3000/admin/add-product" "Mozilla/5.0 (Windows NT 10.0; Win64; x64) AppleWebKit/537.36 (KHTML, like Gecko) Chrome/80.0.3987.149 Safari/537.36"
::1 - - [25/Mar/2020:14:49:37 +0000] "GET /js/main.js HTTP/1.1" 304 - "http://localhost:3000/admin/add-product" "Mozilla/5.0 (Windows NT 10.0; Win64; x64) AppleWebKit/537.36 (KHTML, like Gecko) Chrome/80.0.3987.149 Safari/537.36"
::1 - - [25/Mar/2020:14:49:53 +0000] "POST /admin/add-product HTTP/1.1" 302 74 "http://localhost:3000/admin/add-product" "Mozilla/5.0 (Windows NT 10.0; Win64; x64) AppleWebKit/537.36 (KHTML, like Gecko) Chrome/80.0.3987.149 Safari/537.36"
::1 - - [25/Mar/2020:14:49:53 +0000] "GET /admin/products HTTP/1.1" 200 - "http://localhost:3000/admin/add-product" "Mozilla/5.0 (Windows NT 10.0; Win64; x64) AppleWebKit/537.36 (KHTML, like Gecko) Chrome/80.0.3987.149 Safari/537.36"
::1 - - [25/Mar/2020:14:49:53 +0000] "GET /css/main.css HTTP/1.1" 304 - "http://localhost:3000/admin/products" "Mozilla/5.0 (Windows NT 10.0; Win64; x64) AppleWebKit/537.36 (KHTML, like Gecko) Chrome/80.0.3987.149 Safari/537.36"
::1 - - [25/Mar/2020:14:49:53 +0000] "GET /css/product.css HTTP/1.1" 304 - "http://localhost:3000/admin/products" "Mozilla/5.0 (Windows NT 10.0; Win64; x64) AppleWebKit/537.36 (KHTML, like Gecko) Chrome/80.0.3987.149 Safari/537.36"
::1 - - [25/Mar/2020:14:49:53 +0000] "GET /js/main.js HTTP/1.1" 304 - "http://localhost:3000/admin/products" "Mozilla/5.0 (Windows NT 10.0; Win64; x64) AppleWebKit/537.36 (KHTML, like Gecko) Chrome/80.0.3987.149 Safari/537.36"
::1 - - [25/Mar/2020:14:49:54 +0000] "GET /js/admin.js HTTP/1.1" 200 558 "http://localhost:3000/admin/products" "Mozilla/5.0 (Windows NT 10.0; Win64; x64) AppleWebKit/537.36 (KHTML, like Gecko) Chrome/80.0.3987.149 Safari/537.36"
::1 - - [25/Mar/2020:14:49:54 +0000] "GET /C:/Users/maboa/OneDrive/Desktop/BookShop/2020-03-25T14-49-52.728Z0_kBgMf-Nn6Okv0pun.jpg HTTP/1.1" 404 - "http://localhost:3000/admin/products" "Mozilla/5.0 (Windows NT 10.0; Win64; x64) AppleWebKit/537.36 (KHTML, like Gecko) Chrome/80.0.3987.149 Safari/537.36"
::1 - - [25/Mar/2020:14:49:59 +0000] "GET /admin/edit-product/5e7b6f91e8ed3d23a8fb4781?edit=true HTTP/1.1" 200 - "http://localhost:3000/admin/products" "Mozilla/5.0 (Windows NT 10.0; Win64; x64) AppleWebKit/537.36 (KHTML, like Gecko) Chrome/80.0.3987.149 Safari/537.36"
::1 - - [25/Mar/2020:14:49:59 +0000] "GET /css/main.css HTTP/1.1" 304 - "http://localhost:3000/admin/edit-product/5e7b6f91e8ed3d23a8fb4781?edit=true" "Mozilla/5.0 (Windows NT 10.0; Win64; x64) AppleWebKit/537.36 (KHTML, like Gecko) Chrome/80.0.3987.149 Safari/537.36"
::1 - - [25/Mar/2020:14:49:59 +0000] "GET /css/forms.css HTTP/1.1" 304 - "http://localhost:3000/admin/edit-product/5e7b6f91e8ed3d23a8fb4781?edit=true" "Mozilla/5.0 (Windows NT 10.0; Win64; x64) AppleWebKit/537.36 (KHTML, like Gecko) Chrome/80.0.3987.149 Safari/537.36"
::1 - - [25/Mar/2020:14:49:59 +0000] "GET /css/product.css HTTP/1.1" 304 - "http://localhost:3000/admin/edit-product/5e7b6f91e8ed3d23a8fb4781?edit=true" "Mozilla/5.0 (Windows NT 10.0; Win64; x64) AppleWebKit/537.36 (KHTML, like Gecko) Chrome/80.0.3987.149 Safari/537.36"
::1 - - [25/Mar/2020:14:49:59 +0000] "GET /js/main.js HTTP/1.1" 304 - "http://localhost:3000/admin/edit-product/5e7b6f91e8ed3d23a8fb4781?edit=true" "Mozilla/5.0 (Windows NT 10.0; Win64; x64) AppleWebKit/537.36 (KHTML, like Gecko) Chrome/80.0.3987.149 Safari/537.36"
::1 - - [25/Mar/2020:14:50:15 +0000] "GET / HTTP/1.1" 200 - "http://localhost:3000/admin/products" "Mozilla/5.0 (Windows NT 10.0; Win64; x64) AppleWebKit/537.36 (KHTML, like Gecko) Chrome/80.0.3987.149 Safari/537.36"
::1 - - [25/Mar/2020:14:50:15 +0000] "GET /css/main.css HTTP/1.1" 304 - "http://localhost:3000/" "Mozilla/5.0 (Windows NT 10.0; Win64; x64) AppleWebKit/537.36 (KHTML, like Gecko) Chrome/80.0.3987.149 Safari/537.36"
::1 - - [25/Mar/2020:14:50:15 +0000] "GET /css/product.css HTTP/1.1" 304 - "http://localhost:3000/" "Mozilla/5.0 (Windows NT 10.0; Win64; x64) AppleWebKit/537.36 (KHTML, like Gecko) Chrome/80.0.3987.149 Safari/537.36"
::1 - - [25/Mar/2020:14:50:15 +0000] "GET /js/main.js HTTP/1.1" 304 - "http://localhost:3000/" "Mozilla/5.0 (Windows NT 10.0; Win64; x64) AppleWebKit/537.36 (KHTML, like Gecko) Chrome/80.0.3987.149 Safari/537.36"
::1 - - [25/Mar/2020:14:50:16 +0000] "GET /C:/Users/maboa/OneDrive/Desktop/BookShop/2020-03-25T14-49-52.728Z0_kBgMf-Nn6Okv0pun.jpg HTTP/1.1" 404 - "http://localhost:3000/" "Mozilla/5.0 (Windows NT 10.0; Win64; x64) AppleWebKit/537.36 (KHTML, like Gecko) Chrome/80.0.3987.149 Safari/537.36"
::1 - - [25/Mar/2020:14:50:56 +0000] "GET /admin/add-product HTTP/1.1" 200 - "http://localhost:3000/" "Mozilla/5.0 (Windows NT 10.0; Win64; x64) AppleWebKit/537.36 (KHTML, like Gecko) Chrome/80.0.3987.149 Safari/537.36"
::1 - - [25/Mar/2020:14:50:56 +0000] "GET /css/main.css HTTP/1.1" 304 - "http://localhost:3000/admin/add-product" "Mozilla/5.0 (Windows NT 10.0; Win64; x64) AppleWebKit/537.36 (KHTML, like Gecko) Chrome/80.0.3987.149 Safari/537.36"
::ffff:127.0.0.1 - - [25/Mar/2020:14:50:56 +0000] "GET /css/forms.css HTTP/1.1" 304 - "http://localhost:3000/admin/add-product" "Mozilla/5.0 (Windows NT 10.0; Win64; x64) AppleWebKit/537.36 (KHTML, like Gecko) Chrome/80.0.3987.149 Safari/537.36"
::ffff:127.0.0.1 - - [25/Mar/2020:14:50:56 +0000] "GET /css/product.css HTTP/1.1" 304 - "http://localhost:3000/admin/add-product" "Mozilla/5.0 (Windows NT 10.0; Win64; x64) AppleWebKit/537.36 (KHTML, like Gecko) Chrome/80.0.3987.149 Safari/537.36"
::1 - - [25/Mar/2020:14:50:56 +0000] "GET /js/main.js HTTP/1.1" 304 - "http://localhost:3000/admin/add-product" "Mozilla/5.0 (Windows NT 10.0; Win64; x64) AppleWebKit/537.36 (KHTML, like Gecko) Chrome/80.0.3987.149 Safari/537.36"
::1 - - [25/Mar/2020:14:51:03 +0000] "POST /admin/add-product HTTP/1.1" 500 - "http://localhost:3000/admin/add-product" "Mozilla/5.0 (Windows NT 10.0; Win64; x64) AppleWebKit/537.36 (KHTML, like Gecko) Chrome/80.0.3987.149 Safari/537.36"
::1 - - [25/Mar/2020:14:51:11 +0000] "POST /admin/add-product HTTP/1.1" 500 - "http://localhost:3000/admin/add-product" "Mozilla/5.0 (Windows NT 10.0; Win64; x64) AppleWebKit/537.36 (KHTML, like Gecko) Chrome/80.0.3987.149 Safari/537.36"
::1 - - [25/Mar/2020:14:51:24 +0000] "POST /admin/add-product HTTP/1.1" 500 - "http://localhost:3000/admin/add-product" "Mozilla/5.0 (Windows NT 10.0; Win64; x64) AppleWebKit/537.36 (KHTML, like Gecko) Chrome/80.0.3987.149 Safari/537.36"
::ffff:127.0.0.1 - - [25/Mar/2020:14:56:50 +0000] "GET / HTTP/1.1" 200 - "-" "Mozilla/5.0 (Windows NT 10.0; Win64; x64) AppleWebKit/537.36 (KHTML, like Gecko) Chrome/80.0.3987.149 Safari/537.36"
::ffff:127.0.0.1 - - [25/Mar/2020:14:56:50 +0000] "GET /css/main.css HTTP/1.1" 304 - "http://localhost:3000/" "Mozilla/5.0 (Windows NT 10.0; Win64; x64) AppleWebKit/537.36 (KHTML, like Gecko) Chrome/80.0.3987.149 Safari/537.36"
::ffff:127.0.0.1 - - [25/Mar/2020:14:56:50 +0000] "GET /css/product.css HTTP/1.1" 304 - "http://localhost:3000/" "Mozilla/5.0 (Windows NT 10.0; Win64; x64) AppleWebKit/537.36 (KHTML, like Gecko) Chrome/80.0.3987.149 Safari/537.36"
::ffff:127.0.0.1 - - [25/Mar/2020:14:56:50 +0000] "GET /js/main.js HTTP/1.1" 304 - "http://localhost:3000/" "Mozilla/5.0 (Windows NT 10.0; Win64; x64) AppleWebKit/537.36 (KHTML, like Gecko) Chrome/80.0.3987.149 Safari/537.36"
::ffff:127.0.0.1 - - [25/Mar/2020:14:56:50 +0000] "GET /C:/Users/maboa/OneDrive/Desktop/BookShop/2020-03-25T14-49-52.728Z0_kBgMf-Nn6Okv0pun.jpg HTTP/1.1" 404 - "http://localhost:3000/" "Mozilla/5.0 (Windows NT 10.0; Win64; x64) AppleWebKit/537.36 (KHTML, like Gecko) Chrome/80.0.3987.149 Safari/537.36"
::1 - - [25/Mar/2020:14:57:55 +0000] "GET /admin/add-product HTTP/1.1" 200 - "http://localhost:3000/" "Mozilla/5.0 (Windows NT 10.0; Win64; x64) AppleWebKit/537.36 (KHTML, like Gecko) Chrome/80.0.3987.149 Safari/537.36"
::1 - - [25/Mar/2020:14:57:55 +0000] "GET /css/main.css HTTP/1.1" 304 - "http://localhost:3000/admin/add-product" "Mozilla/5.0 (Windows NT 10.0; Win64; x64) AppleWebKit/537.36 (KHTML, like Gecko) Chrome/80.0.3987.149 Safari/537.36"
::1 - - [25/Mar/2020:14:57:55 +0000] "GET /css/forms.css HTTP/1.1" 304 - "http://localhost:3000/admin/add-product" "Mozilla/5.0 (Windows NT 10.0; Win64; x64) AppleWebKit/537.36 (KHTML, like Gecko) Chrome/80.0.3987.149 Safari/537.36"
::1 - - [25/Mar/2020:14:57:55 +0000] "GET /css/product.css HTTP/1.1" 304 - "http://localhost:3000/admin/add-product" "Mozilla/5.0 (Windows NT 10.0; Win64; x64) AppleWebKit/537.36 (KHTML, like Gecko) Chrome/80.0.3987.149 Safari/537.36"
::1 - - [25/Mar/2020:14:57:55 +0000] "GET /js/main.js HTTP/1.1" 304 - "http://localhost:3000/admin/add-product" "Mozilla/5.0 (Windows NT 10.0; Win64; x64) AppleWebKit/537.36 (KHTML, like Gecko) Chrome/80.0.3987.149 Safari/537.36"
::1 - - [25/Mar/2020:14:58:16 +0000] "POST /admin/add-product HTTP/1.1" 500 - "http://localhost:3000/admin/add-product" "Mozilla/5.0 (Windows NT 10.0; Win64; x64) AppleWebKit/537.36 (KHTML, like Gecko) Chrome/80.0.3987.149 Safari/537.36"
::ffff:127.0.0.1 - - [25/Mar/2020:14:58:35 +0000] "POST /admin/add-product HTTP/1.1" 500 - "http://localhost:3000/admin/add-product" "Mozilla/5.0 (Windows NT 10.0; Win64; x64) AppleWebKit/537.36 (KHTML, like Gecko) Chrome/80.0.3987.149 Safari/537.36"
::1 - - [25/Mar/2020:14:58:50 +0000] "GET /admin/add-product HTTP/1.1" 200 - "http://localhost:3000/" "Mozilla/5.0 (Windows NT 10.0; Win64; x64) AppleWebKit/537.36 (KHTML, like Gecko) Chrome/80.0.3987.149 Safari/537.36"
::1 - - [25/Mar/2020:14:58:50 +0000] "GET /css/main.css HTTP/1.1" 304 - "http://localhost:3000/admin/add-product" "Mozilla/5.0 (Windows NT 10.0; Win64; x64) AppleWebKit/537.36 (KHTML, like Gecko) Chrome/80.0.3987.149 Safari/537.36"
::1 - - [25/Mar/2020:14:58:50 +0000] "GET /css/forms.css HTTP/1.1" 304 - "http://localhost:3000/admin/add-product" "Mozilla/5.0 (Windows NT 10.0; Win64; x64) AppleWebKit/537.36 (KHTML, like Gecko) Chrome/80.0.3987.149 Safari/537.36"
::ffff:127.0.0.1 - - [25/Mar/2020:14:58:50 +0000] "GET /css/product.css HTTP/1.1" 304 - "http://localhost:3000/admin/add-product" "Mozilla/5.0 (Windows NT 10.0; Win64; x64) AppleWebKit/537.36 (KHTML, like Gecko) Chrome/80.0.3987.149 Safari/537.36"
::1 - - [25/Mar/2020:14:58:50 +0000] "GET /js/main.js HTTP/1.1" 304 - "http://localhost:3000/admin/add-product" "Mozilla/5.0 (Windows NT 10.0; Win64; x64) AppleWebKit/537.36 (KHTML, like Gecko) Chrome/80.0.3987.149 Safari/537.36"
::1 - - [25/Mar/2020:14:58:56 +0000] "POST /admin/add-product HTTP/1.1" 500 - "http://localhost:3000/admin/add-product" "Mozilla/5.0 (Windows NT 10.0; Win64; x64) AppleWebKit/537.36 (KHTML, like Gecko) Chrome/80.0.3987.149 Safari/537.36"
